epoch,loss,rmse,val_loss,val_rmse
0,114567.96010608833,338.47894,72905.04263102246,270.0093
1,76010.93891765691,275.70074,70704.50074092978,265.9032
2,71584.93567099691,267.55365,63318.87601683704,251.63245
3,67856.61931603696,260.493,62595.284597735736,250.19052
4,65038.257679658775,255.02594,62023.02092083593,249.04419
5,61602.06994885357,248.19785,53658.19111785686,231.64236
6,59578.703616102204,244.08727,55453.166609921944,235.48495
7,58012.64505312623,240.85817,52493.757044162216,229.11511
8,56595.40368601053,237.89809,56797.3571561696,238.32196
9,55688.86658227744,235.98503,49683.857469229944,222.89877
10,54718.774291222835,233.92053,50641.95487149908,225.03766
11,53528.63911091781,231.36267,46906.75801288298,216.57968
12,52816.221586083164,229.81775,44695.8934364524,211.41402
13,52506.576376778736,229.14319,47632.37975148247,218.24843
14,51643.54010163636,227.25223,44682.468305990296,211.38228
15,51487.72574391084,226.90907,44103.437832855016,210.00818
16,50792.28007750952,225.3715,45193.69365553374,212.58815
17,50351.57288649102,224.39137,45899.261147140794,214.24115
18,49654.354359089826,222.83249,43985.75325576664,209.72781
19,49314.03151286149,222.06752,42189.0052905066,205.39961
20,49138.64551935276,221.67241,45555.30884346739,213.43686
21,48660.394331988166,220.59096,42052.79418201109,205.06784
22,48039.5876195571,219.17937,41647.24160553666,204.07655
23,48140.383101519416,219.40906,40975.99487713904,202.42526
24,47410.60073878184,217.73978,42227.25710902783,205.49272
25,48531.03063964844,220.2976,40996.73250425129,202.47644
26,47105.36535926627,217.03769,43488.13040881782,208.5381
27,47124.560018587516,217.08197,41316.66045880394,203.26501
28,47108.06801008978,217.04402,40538.30293704198,201.34123
29,46502.7016593869,215.64491,48870.803090983616,221.0674
30,47211.86520078002,217.28302,38299.423093894955,195.70235
31,46447.797013739575,215.5175,41355.540555931824,203.36063
32,46065.16455950056,214.62805,38935.04305950095,197.31964
33,46163.0587530056,214.85602,39279.13013184469,198.1896
34,45594.75647690717,213.52931,39410.66450727104,198.52122
35,45902.73461657612,214.24931,41192.98922393316,202.96057
36,46279.21835121988,215.12599,41672.41111035316,204.13826
37,46361.06991166828,215.31618,39811.49354510992,199.52818
38,45593.20746901055,213.52557,45381.182007130956,213.02856
39,45941.68181911436,214.34012,37167.333816881626,192.78835
40,45063.100892908435,212.28082,43916.398461558136,209.56238
41,45133.04246354303,212.44547,42251.60615821363,205.55199
42,44662.05201862239,211.33394,39670.58029053705,199.17474
43,45080.91471952551,212.32278,37011.17568471291,192.3829
44,44489.02058320887,210.92432,45202.12111856947,212.60788
45,44112.77596225258,210.03038,36383.58569935487,190.74484
46,44211.2897649172,210.26466,40285.86996164706,200.71341
47,43792.420154988264,209.26643,39347.6088321692,198.36234
48,43718.89411144096,209.09058,37258.64082431712,193.02495
49,43629.95017223198,208.87787,36119.54704630004,190.05144
50,43942.264098864645,209.62415,37087.77799788776,192.58188
51,43791.32672452526,209.26369,37139.510649990014,192.71614
52,43584.94003372834,208.77013,40071.49145509716,200.17862
53,43327.93628750328,208.15358,37834.14463220282,194.51001
54,44274.45537047827,210.41493,39245.12952216881,198.10384
55,43998.82620572643,209.75877,52493.73754306103,229.1151
56,43723.80896226899,209.10231,36813.825548038316,191.86926
57,43485.24776708779,208.53113,36419.737590568235,190.83952
58,43181.10342586742,207.8006,37038.393861885575,192.45361
59,43595.83466781488,208.79607,38286.37168028134,195.66902
60,42830.73253086635,206.9558,38317.629737321666,195.7489
61,43036.70403975799,207.4528,38016.91127190813,194.97925
62,42743.06850426938,206.744,39332.15116048545,198.32338
63,42801.85313710445,206.88617,37486.17484435298,193.61343
64,43063.17799005588,207.51672,37700.69733201328,194.1667
65,41587.345128932924,203.92976,37295.22941415082,193.11974
66,40922.27026213317,202.2925,35176.93869590269,187.5552
67,41489.036308480914,203.6886,34646.867229221076,186.1367
68,40624.873284347916,201.55621,34921.46357277983,186.87286
69,40462.0163784508,201.15167,34074.433820322854,184.59262
70,41118.341377578865,202.77654,38545.08752960065,196.32907
71,40564.581689658284,201.40652,33043.43059028928,181.7785
72,39662.41217323111,199.1542,36748.082671683755,191.69785
73,39716.2135430344,199.28918,33571.34368269812,183.22485
74,39670.35737802201,199.17421,34548.96883603069,185.87352
75,39518.52724706826,198.7926,33820.97970025995,183.90483
76,39463.67023423139,198.65465,33492.77462091682,183.0103
77,39314.020942752104,198.27762,33635.10864686062,183.39877
78,38738.85528102842,196.82176,35292.59139093197,187.86319
79,38881.86757704791,197.18486,35077.34313118812,187.28943
80,39052.07357916311,197.61588,33772.083573407166,183.77184
81,38758.75949173615,196.87251,32909.282641337,181.40918
82,38453.66991084764,196.09598,37177.02993121809,192.81343
83,38397.90430649188,195.95384,33620.79156363286,183.3597
84,38416.08413260324,196.0001,31604.84214784975,177.77751
85,37963.74086396033,194.8428,36910.498213302504,192.12105
86,38201.62223238905,195.45247,32332.960768788493,179.81369
87,38091.216690704605,195.16983,32727.840904439854,180.90837
88,38102.885272627114,195.19968,34128.9902311774,184.74034
89,38139.262788147484,195.2928,29993.215624878187,173.1855
90,37880.99174384109,194.63042,31121.485071315634,176.41281
91,37520.009622525766,193.70087,28732.81811315974,169.50755
92,37530.05120003324,193.72667,32310.546479867906,179.75136
93,37161.78219296752,192.77383,30004.44020410438,173.21788
94,37465.32202610048,193.55971,33002.66232361425,181.66638
95,37215.01822463605,192.91194,30600.711875767425,174.93059
96,37005.7306280056,192.36885,29134.291316047205,170.68773
97,37084.828826134944,192.57422,31054.269670878566,176.22221
98,36497.90867076201,191.04437,34328.72438874055,185.2801
99,37491.96144168117,193.6284,29320.670197782267,171.23279
