epoch,loss,rmse,val_loss,val_rmse
0,84485.93798770424,290.66476,98262.93494801005,313.4692
1,66543.35630753462,257.95978,94582.00334773574,307.54187
2,61429.52549419884,247.84996,89596.44530062319,299.32672
3,57201.06163303792,239.16702,84144.2420206157,290.07626
4,54875.52248395391,234.25536,83810.62647120089,289.50055
5,53387.84362728856,231.0579,83565.76675101227,289.07755
6,52104.155563258326,228.2634,88274.43576080972,297.11014
7,51307.24488397806,226.51076,80837.18303706293,284.3189
8,50515.807897070874,224.7568,79688.10864282555,282.29077
9,49906.900713495845,223.39864,79319.79522823561,281.63773
10,49336.47184064208,222.1184,82529.08847274061,287.27893
11,48814.546615600586,220.94012,77795.57849805342,278.91855
12,48171.96337961149,219.48108,78082.9775434021,279.43338
13,47649.904498861615,218.28859,85528.01157668517,292.45166
14,47042.927409644886,216.8938,78167.42712527011,279.58447
15,47576.87593251717,218.12112,77661.49581281793,278.67816
16,46620.1213615161,215.91707,77276.21881098281,277.98605
17,46092.89915177802,214.69264,75155.02881890982,274.14417
18,45693.9572265048,213.76135,74904.75346802642,273.68744
19,45441.36060788451,213.16977,75686.2234638726,275.11127
20,45351.55257473473,212.95905,79574.80703552869,282.0901
21,44847.88147854204,211.77315,75897.90268969994,275.4956
22,44779.275872494996,211.61116,79451.60790836712,281.87152
23,44947.8436895098,212.00899,74192.05827657846,272.3821
24,44549.52823959479,211.06758,76314.14316579833,276.25018
25,43553.295123509,208.69426,72486.03346144546,269.2323
26,43374.773235866,208.26595,73601.43817378016,271.29587
27,43467.49407564692,208.48854,72405.47452098418,269.0827
28,42595.98024983767,206.3878,71773.66631665626,267.90598
29,42917.20371905094,207.16461,74071.96420407758,272.16162
30,42630.49745463524,206.47185,73831.33660183962,271.71918
31,42366.98233527496,205.8326,71064.71824188602,266.5797
32,42148.153438568115,205.30005,102774.72745965542,320.58496
33,42606.79209423866,206.41414,77780.28005440185,278.8911
34,42270.40030230995,205.5979,71630.0528781909,267.6379
35,41789.002763844335,204.42395,71632.53285496718,267.64246
36,42020.53094104158,204.9893,69830.69628989996,264.2551
37,40883.9654303158,202.19794,70044.29344435505,264.65875
38,41127.31045753415,202.79865,70912.91204686952,266.29486
39,41003.070389050394,202.49197,69562.09514126087,263.74615
40,40191.031591607745,200.47711,74373.65387174637,272.71533
41,40118.23063465727,200.29552,68850.27477988326,262.39343
42,39943.96804101126,199.86005,68912.54544277939,262.51196
43,39373.20177268982,198.42706,67465.69456197742,259.7417
44,39047.96088087258,197.60565,68879.67989557245,262.4494
45,39165.45620511159,197.90291,69334.68607935165,263.31482
46,38899.3833471186,197.22928,71032.42860564508,266.51892
47,38926.47007791535,197.2978,70356.27949162411,265.24768
48,38580.55987912667,196.41925,68573.77007073093,261.86588
49,38472.49749299057,196.14375,68724.1890369801,262.15286
50,38437.117999020746,196.05362,67653.66226148943,260.10318
51,38113.4599784242,195.22664,67754.12600884304,260.29623
52,38295.3312956225,195.69176,69030.6971065063,262.73688
53,38714.635174086114,196.76033,68274.958095442,261.29486
54,38012.73360949604,194.9685,68230.47594757091,261.20953
55,38318.929189088965,195.75246,68002.82784460086,260.77356
56,38670.070817803135,196.6469,69966.57045639203,264.51202
57,38198.772477959385,195.44508,71194.96115173925,266.82382
58,37670.162160793276,194.08817,66576.20317494348,258.02368
59,38112.375049382696,195.2242,70769.68875486797,266.02576
60,38170.2189651938,195.37207,66907.41861831976,258.66473
61,36791.21787503988,191.81041,69665.87844754655,263.9428
62,37406.059483792604,193.40642,72707.40105481236,269.6431
63,37269.69251140627,193.0537,71683.56371958015,267.73788
64,37471.96624704569,193.57657,68506.97762494092,261.73837
65,37615.55259763894,193.94746,68093.87191926393,260.948
66,37168.84123470403,192.79239,68033.39521858189,260.8321
67,37260.67321778947,193.03012,66579.06020998492,258.0292
68,37204.0865481561,192.8837,67870.91063908771,260.5205
69,37029.521726864725,192.43066,67495.062229955,259.7982
70,36716.53681756669,191.61555,68799.68923721081,262.297
71,36508.786569451084,191.07262,66397.0984586194,257.67642
72,36480.0058652413,190.99744,66632.56532165427,258.13293
73,36434.68977154003,190.87888,65690.27572820029,256.30112
74,36465.647559815094,190.95995,66561.6681262699,257.99548
75,37181.20590836661,192.82417,66640.46478093999,258.14816
76,36577.2897308574,191.25209,68083.53693251722,260.92816
77,36414.732309245264,190.82619,67149.41320653273,259.1319
78,36164.573157334526,190.16954,67216.78109959856,259.26196
79,35789.134408726415,189.17998,67727.0530172104,260.24414
80,36689.47744419194,191.54501,66358.56462488184,257.60156
81,36725.152002318566,191.63824,67210.61652742384,259.25003
82,36994.11397701552,192.33833,66584.74131927526,258.0402
83,36119.13673865695,190.05022,65763.10428137425,256.4432
84,36132.36084293718,190.08508,67857.02989155261,260.49384
85,35917.01532293368,189.51807,67124.35158838534,259.0836
86,35414.54481193799,188.18765,69189.69593648895,263.03934
87,35453.90022718606,188.29189,65639.57010922395,256.2022
88,35481.824247408316,188.36632,69662.20896937673,263.93607
89,35265.37749332139,187.79095,66137.77476983365,257.1726
90,35459.03016925459,188.30594,66437.36254816195,257.7545
91,36248.50656145561,190.39058,68080.87606365906,260.92307
92,35688.26735892416,188.91328,66845.87568763644,258.5456
93,35432.14919630419,188.2343,66165.50652226809,257.22662
94,35179.31457503503,187.56157,68362.74885381239,261.46277
95,35555.259243636574,188.56084,65223.36840395869,255.3887
96,35577.186897662505,188.61899,67305.0457772332,259.43213
97,35220.35779449719,187.67085,64545.96285111179,254.05891
98,34819.83257700816,186.60057,65360.69343406182,255.65741
99,35740.53890662634,189.05179,66217.70598487322,257.32803
