epoch,loss,rmse,val_loss,val_rmse
0,187328.49771451548,432.8147,86759.66818588231,294.54993
1,76939.03196806066,277.37885,85130.11136969381,291.77063
2,75172.43409434086,274.17593,82744.83460486181,287.65396
3,72959.74768579307,270.1107,79130.00101165997,281.30057
4,69603.50899217109,263.82474,81588.88526643018,285.63766
5,67059.63351209625,258.9588,74058.80302657481,272.13748
6,65282.839708344276,255.5051,71362.00804150912,267.1367
7,63313.149397649686,251.62112,69490.03250833203,263.60962
8,61804.636043772975,248.60536,67769.36262254424,260.32544
9,60473.210586676076,245.91307,69268.2432685936,263.18863
10,59225.474615529805,243.3628,67248.95289172741,259.32404
11,58602.32740899094,242.07916,67800.59162557496,260.38547
12,57492.16767331933,239.77531,63856.69129996784,252.6988
13,57430.78597483916,239.64719,64508.36225070895,253.98492
14,56632.15703576352,237.97505,63142.94908262357,251.28265
15,56170.96947421547,237.00415,61971.21450449979,248.94016
16,55661.26277942818,235.92632,65254.91591467218,255.45042
17,55138.08667197348,234.81502,63736.495792566464,252.46089
18,55346.22457654937,235.2577,61796.87143695915,248.58974
19,54683.27978925945,233.84453,62029.772868022534,249.05777
20,54329.37493024553,233.08662,62169.36446984389,249.33783
21,53693.65209755777,231.71886,60483.83320583535,245.93463
22,53355.07165014443,230.98717,60918.23327685254,246.81625
23,52714.91657776392,229.59735,60249.17045891966,245.45705
24,52730.606808446035,229.63145,59945.899003932136,244.8385
25,52220.094685530465,228.51714,60319.164135283485,245.59958
26,51735.1945513557,227.45369,58021.34881439054,240.87622
27,51784.94807395615,227.56305,58556.94945293619,241.98544
28,51623.42647058824,227.20786,57939.454882157755,240.70615
29,51351.70329117975,226.60922,59386.45464858063,243.69336
30,51003.65485901392,225.83997,57618.65749188723,240.03888
31,50834.54929178703,225.46529,57792.71710704228,240.40117
32,50036.25896960346,223.68791,61517.23422699676,248.0267
33,50091.44898281578,223.81119,56962.79057237663,238.66882
34,49683.79346934086,222.89865,59822.37907039351,244.58615
35,49277.08234104189,221.98445,57842.06164639286,240.50378
36,49707.241750508794,222.9513,56924.01989638555,238.58755
37,48666.250672925424,220.6043,56577.98731283377,237.86128
38,48575.4863240218,220.3984,59526.07180349556,243.97964
39,49269.78170340402,221.96797,57019.14066428481,238.7868
40,48586.21311630121,220.42287,55824.29246322455,236.27167
41,48451.319664193805,220.1167,61587.68271791192,248.16866
42,49241.333668428306,221.9039,61492.29875336205,247.97643
43,47756.0789948792,218.53163,55844.534410752225,236.31445
44,48984.66010701156,221.3248,58399.69345941422,241.66031
45,49412.48603269433,222.28915,55960.85047166134,236.56046
46,47626.83631909795,218.23569,55022.86260427224,234.5695
47,47743.017524783354,218.50165,57012.71145063879,238.77333
48,47667.42256844144,218.32872,55218.151276055876,234.9854
49,47234.31571486016,217.33453,54961.38440307798,234.43843
50,46852.151133304884,216.45352,55680.75114565467,235.96767
51,46884.46841353729,216.5282,54846.48996806054,234.19328
52,46221.936695772056,214.99284,56492.41473034176,237.68134
53,46210.87837283351,214.96715,54248.023557486165,232.91203
54,45660.43285312172,213.68303,53638.219629187945,231.59927
55,45553.246883616725,213.432,54905.98739658046,234.32027
56,45076.1619985885,212.31146,53432.619312838644,231.15497
57,45123.04345908285,212.42178,53533.93545201285,231.37402
58,44499.44116416098,210.94894,53419.364766459425,231.12631
59,44030.40587250525,209.83424,52051.27074938363,228.14746
60,42913.807789522056,207.15648,50067.06727325661,223.75668
61,42564.31676117713,206.31125,50653.29949916436,225.06287
62,42769.81918617056,206.8086,51752.50549956878,227.49179
63,43092.74581268054,207.58792,49795.25796735524,223.14851
64,42051.22947167148,205.06398,50331.32825594937,224.34644
65,41910.76422170431,204.7212,49530.574556173015,222.55466
66,41242.73023281578,203.08301,51578.86680561511,227.10982
67,41895.86674435399,204.68484,48579.636415434725,220.40788
68,41600.05028065914,203.96089,50565.39641022112,224.86754
69,41080.12209493172,202.68234,49055.79639231455,221.48543
70,40743.22900800945,201.8495,49716.12669076947,222.97112
71,40611.99867876838,201.52417,49820.43482711029,223.20493
72,40587.71943318343,201.46394,50014.38009332122,223.63895
73,39975.64734399619,199.93915,48885.654496496645,221.10101
74,40515.09562926733,201.28366,49255.81040800777,221.93646
75,40145.49364824055,200.36348,49686.87537853503,222.9055
76,40854.527849469865,202.12497,48597.76813481207,220.449
77,40176.18000139509,200.43996,54350.68252636041,233.13237
78,39779.0786686745,199.44696,50357.655615809184,224.4051
79,39661.23599576549,199.15135,48262.09560049724,219.68637
80,39931.60486968225,199.82886,49417.63067330509,222.30074
81,39648.47551515723,199.11931,49220.88730665174,221.85782
82,40203.34606831014,200.5077,49857.509404296114,223.28793
83,40083.239371676405,200.20802,49120.808038737865,221.63217
84,39595.69545816373,198.98676,52210.08502237711,228.49525
85,39911.018538274686,199.77742,47725.77510314547,218.46231
86,38739.69800625328,196.824,46938.48531813996,216.65291
87,39026.07153730633,197.55023,47736.25231338802,218.48628
88,39413.55314161797,198.52838,47343.2919933295,217.58514
89,39930.84857536765,199.82701,46637.34618687632,215.95682
90,38960.98678973543,197.38536,46644.35702339304,215.97305
91,38835.73825663078,197.0679,47356.940228162515,217.61647
92,38102.31010578059,195.19814,47760.13285330748,218.54092
93,38664.56990833443,196.63306,47616.44074175811,218.2119
94,38747.5064071527,196.84387,47442.709580803676,217.81349
95,38441.69357069,196.06557,45869.627824547344,214.17197
96,38383.82993861607,195.91786,48386.30723933768,219.96889
97,38289.029097869614,195.67581,46633.322931335024,215.94748
98,38011.22534384848,194.96465,48412.37615342028,220.02814
99,39344.98640198267,198.3557,47233.85217171908,217.3335
