epoch,loss,rmse,val_loss,val_rmse
0,192281.73776834953,438.49945,107198.05114638555,327.41113
1,75945.41719734769,275.58197,110581.47491680147,332.5379
2,74877.79532809218,273.63815,104450.12806238793,323.18747
3,73487.83332786239,271.08646,103061.86125458019,321.03247
4,72604.34611344538,269.45203,101469.56748216653,318.5429
5,71174.59447626707,266.7856,100167.69731511168,316.49283
6,70122.197487198,264.806,99085.05421669135,314.77777
7,68289.59057001707,261.3228,97891.58206383507,312.8763
8,67014.20564026391,258.87094,96547.25702254035,310.7205
9,65242.7137584526,255.4265,97987.91276275142,313.03018
10,63619.44616596639,252.22902,93245.25077656019,305.36084
11,62247.27114791229,249.49397,92033.30230026263,303.36987
12,61360.641178932514,247.71082,91434.41012214226,302.38123
13,60109.39497439601,245.17224,90565.43085569015,300.94092
14,59420.271178686315,243.76279,90219.41637634482,300.36548
15,58741.47130219275,242.36647,88804.72758908212,298.00122
16,58100.64208163734,241.04083,89486.72633684074,299.14334
17,57170.326844800424,239.10318,86418.90790331186,293.97092
18,56693.06959443934,238.10303,87225.18157347539,295.3391
19,56066.58743311778,236.78386,86637.1770794759,294.34195
20,55584.19575154281,235.76306,86093.78136998616,293.41745
21,55096.47123859309,234.72644,85173.26272553744,291.84457
22,54703.34265239299,233.8875,84488.8042864295,290.6696
23,54308.13032390691,233.04102,86831.86428681931,294.67245
24,53833.762426552654,232.021,85661.99133998353,292.6807
25,53549.70304909073,231.40814,87041.37062141868,295.02774
26,53279.7304646468,230.824,85404.4888747856,292.24048
27,52910.272278344935,230.02226,84134.4025797634,290.05927
28,52428.09651350775,228.97182,84080.44861486026,289.9663
29,52108.698352974,228.27342,82876.15413014295,287.88217
30,51995.97588341977,228.02621,82051.38193970725,286.4461
31,51474.179857782954,226.87924,81595.10284732645,285.64853
32,51461.76731757156,226.85188,80343.64034269753,283.44955
33,51143.07806550355,226.14832,80018.0537454259,282.8746
34,50979.49977637539,225.78642,80252.65650626486,283.289
35,50854.262929195116,225.50885,83094.84860213076,288.26178
36,51077.18709583443,226.00262,80007.62254378581,282.85617
37,50220.96761136095,224.10042,79598.46433959495,282.132
38,49978.048940963105,223.55774,79966.0353176527,282.78262
39,49936.62296070772,223.46501,80491.4923845331,283.7102
40,50154.19169142266,223.95134,79070.33685947489,281.19446
41,49391.54299542082,222.242,80262.19686424997,283.30585
42,49883.843040145744,223.34692,79104.57809028319,281.25534
43,49107.15628487723,221.60133,80660.12989111104,284.00726
44,48830.19741128873,220.9755,80628.56175039102,283.9517
45,49038.03440741531,221.44533,80027.3064865311,282.89096
46,48556.729174189204,220.35588,77689.0379814064,278.72754
47,48320.54457515428,219.81932,80682.4381768255,284.04654
48,48760.791015625,220.8185,81313.60746572781,285.15543
49,48214.64708139115,219.57838,79872.87750113287,282.6179
50,47940.250420578384,218.95258,76932.88182230963,277.36777
51,47802.23935218619,218.6373,77102.35216410575,277.6731
52,47371.78899069393,217.65062,78538.41637238588,280.24707
53,47735.74552340467,218.48514,78564.71592514812,280.294
54,47498.73006663603,217.94199,76860.3269115105,277.23694
55,47114.65740094866,217.05911,76296.41572312066,276.21805
56,47464.79175009848,217.86415,76272.42509300451,276.17462
57,46942.31856453519,216.66173,76564.55516005971,276.70297
58,46258.804572610294,215.07861,76381.33809938264,276.37173
59,46624.74349642201,215.92766,76931.572267909,277.36542
60,46445.57262670693,215.51225,76879.16038442166,277.2709
61,46415.39914119945,215.44238,76962.32969106305,277.42087
62,46043.43021476168,214.57729,76130.81814026322,275.91812
63,45829.03853728992,214.07721,77392.89026367111,278.19577
64,46127.659150965075,214.77348,75373.85471091862,274.54303
65,45531.05048581933,213.38004,77342.02508053386,278.10434
66,45446.1394309677,213.18094,74959.72794911673,273.78772
67,44956.40993057379,212.02922,79642.95771804896,282.21088
68,45374.38453789719,213.01259,75896.97229933685,275.49402
69,44798.420512736346,211.65633,76456.56497524753,276.5078
70,44981.29819007681,212.08795,75525.14265707528,274.8184
71,44597.3974629891,211.18097,74801.23535651117,273.49814
72,44862.29261997768,211.80722,75494.18893656021,274.76205
73,45001.59076286765,212.13579,75103.36555778948,274.04996
74,44715.24742523963,211.45982,74955.20662210937,273.77948
75,43926.69105132287,209.58699,75956.23181524445,275.60153
76,43750.64071937369,209.1665,74168.1619817755,272.3383
77,43854.23020409336,209.41399,75187.92708313031,274.20413
78,43842.277944869355,209.38548,74180.71840070018,272.3614
79,43836.89125689338,209.37267,73696.21843838619,271.47046
80,43532.87911346179,208.64536,73718.09625356914,271.51077
81,43360.57437672334,208.23196,73559.51834463558,271.2186
82,43326.183004940256,208.14935,72986.22390658803,270.1596
83,44007.027052422534,209.77856,75019.36787483189,273.8966
84,43338.392381171216,208.17877,74440.14375956234,272.8372
85,42721.865609818145,206.69269,73741.0340345012,271.553
86,42983.94126058627,207.32574,71435.7215290196,267.2746
87,42642.48417189141,206.50053,75302.02743495775,274.41214
88,42559.4762403985,206.29956,74610.62081632006,273.14948
89,42828.44612698595,206.95033,73752.23914681007,271.57364
90,42536.90208524816,206.24478,74750.99121862696,273.40628
91,43318.87867031578,208.13191,72879.65251916125,269.9623
92,42159.75438427324,205.32843,75518.87125134603,274.80698
93,42265.48681435465,205.58575,71977.64067159362,268.2865
94,42020.951904296875,204.99007,71914.60796303087,268.16898
95,41894.36246060924,204.68108,74173.93670379742,272.34897
96,42013.80657702534,204.97275,74431.86846654031,272.82208
97,42083.48000098477,205.14256,72054.09880944187,268.42886
98,41245.04957695969,203.08876,75995.58740032621,275.673
99,41606.62227547269,203.97704,74145.16659591341,272.2961
