epoch,loss,rmse,val_loss,val_rmse
0,96299.17895379587,310.32104,90776.07663400445,301.29065
1,73325.1630063097,270.7863,79670.41443707609,282.2595
2,67020.49722007944,258.883,71195.93285951996,266.82568
3,62314.85114525547,249.62944,66627.13625494562,258.12225
4,59157.44478805926,243.2231,68248.71261182467,261.24454
5,56865.28453858961,238.46437,62771.26326547517,250.54202
6,54968.078842419534,234.45253,60231.220380167324,245.42058
7,53711.769068741996,231.75816,60652.08236380048,246.27637
8,52798.47686889392,229.77936,59281.496524360235,243.47792
9,51582.23454387248,227.11726,57626.00624719829,240.0542
10,50899.67241149389,225.60947,59371.22632070047,243.66216
11,50426.55742375991,224.55862,58763.96588982225,242.41277
12,49551.747633861894,222.60211,55795.67991285472,236.21106
13,49054.41043635777,221.48238,57406.43164991327,239.59636
14,48495.88468740768,220.21768,55628.32343883995,235.85658
15,48032.153308515786,219.1625,56672.17670124542,238.05922
16,47676.638956278315,218.34976,55225.39320652968,235.00085
17,47262.67053774024,217.39977,55062.92728473143,234.65497
18,47531.98726160386,218.01837,57175.82788685487,239.11475
19,47197.693688272426,217.25021,54723.96993280775,233.9315
20,46565.61267166779,215.79057,54694.803340548744,233.86923
21,46037.93948710465,214.56448,58006.12314234622,240.8446
22,45186.63163879138,212.57156,55606.861873696595,235.81108
23,45722.26100043289,213.82751,56847.55457939064,238.42723
24,45458.07306831424,213.20905,62280.94315944882,249.56165
25,45216.41983724642,212.64166,52702.52777512157,229.57027
26,44799.4099525644,211.65909,53767.2522389296,231.87769
27,44497.91151069192,210.94531,54054.449933794436,232.49614
28,44439.95640705012,210.80797,51612.50395862974,227.18387
29,44479.48269614853,210.90164,50604.66730060371,224.95482
30,43861.093670564536,209.43044,51373.2705130657,226.6567
31,43609.83283663197,208.82951,53491.227573246375,231.2817
32,43856.427694368766,209.41943,56363.22623116765,237.40941
33,43752.52532926928,209.17064,52001.12149086156,228.03755
34,43730.54371502019,209.11841,52386.12832520026,228.88022
35,43217.40163357518,207.88806,50581.3512817202,224.90295
36,41968.04103735916,204.86089,51459.18324658192,226.8462
37,43010.255412125785,207.3892,54031.78453835172,232.4474
38,42100.761022615836,205.18446,52062.67282316476,228.17249
39,42172.83945240694,205.36024,52781.95880789789,229.74327
40,41706.06548232391,204.22078,51547.5919386353,227.04092
41,41808.17626388934,204.47058,51894.47204809679,227.80359
42,41767.96627724271,204.37198,49504.48937422039,222.49608
43,41298.00782904104,203.21901,67483.62995871746,259.7761
44,41044.97189593916,202.59549,48166.66241131987,219.469
45,40751.24440470463,201.86948,48874.72330246989,221.07628
46,40608.57522768934,201.51575,47112.62209871024,217.05435
47,39103.141509817426,197.74529,47682.93727571115,218.36427
48,39195.319633548,197.97823,48761.38021757085,220.81982
49,39478.47539013775,198.69193,50461.890341936196,224.63724
50,38510.864787510465,196.24188,46615.2163944341,215.90556
51,38193.0324297352,195.43053,48806.31985935429,220.92151
52,38811.449257473985,197.0063,45836.44724034873,214.09453
53,38473.89873087907,196.14769,67924.03136724536,260.62238
54,38678.93272964093,196.6697,47739.24214090639,218.49307
55,38236.72318780723,195.54199,45560.29758943537,213.44858
56,38210.23457496707,195.47438,47452.81915847066,217.83672
57,37244.09012039569,192.98743,45272.42252533109,212.77306
58,37631.88327776484,193.9893,45444.8031381863,213.17789
59,37458.00322441293,193.54085,46498.62442565,215.63539
60,37094.65986004998,192.59969,46645.51424150474,215.97575
61,37380.97057387408,193.3416,51408.025309162316,226.73338
62,37420.91954232865,193.44492,53602.775923862995,231.52275
63,37158.95499420166,192.76663,45325.825322835866,212.89864
64,36961.16862609607,192.25311,45991.34084353317,214.45592
65,37074.69634451986,192.54779,46528.93803567426,215.70569
66,37816.81403139258,194.46558,47734.26482544754,218.48172
67,37430.911750216444,193.47069,45671.56933921124,213.70909
68,36968.31762246525,192.27159,49119.015088716675,221.62816
69,36803.87501589992,191.84329,46573.972447796885,215.81006
70,36797.447699731136,191.82672,46096.21785497632,214.70033
71,36897.26294939057,192.08656,45159.86780387561,212.5085
72,36380.093162857185,190.73546,51880.70075085756,227.77339
73,36672.57214534984,191.50078,45306.293725210984,212.85274
74,35918.465093981315,189.52171,46629.93227512035,215.93965
75,36475.29133061,190.985,44992.92809798789,212.11533
76,36601.46651843416,191.3148,45270.715282125835,212.76915
77,35974.566023498024,189.66962,43915.26044047103,209.55968
78,36537.30170620189,191.1473,49755.69611570686,223.05984
79,36533.001999798944,191.13606,44870.315557058595,211.82619
80,36047.34853177111,189.86166,45014.41814583618,212.16606
81,36071.20323020871,189.92436,44981.046909412275,212.08734
82,37863.698938514004,194.58604,50289.10704531944,224.25232
83,35826.82984802502,189.27983,47845.819739977196,218.73691
84,36291.31496294807,190.50272,45093.50486324623,212.35233
85,35772.5801827567,189.13647,44829.45365169053,211.72969
86,35264.2671335044,187.78766,46355.38758986781,215.30301
87,35835.507305561994,189.3027,46495.47124428086,215.6281
88,35144.563931761666,187.46878,45438.59280320564,213.16322
89,36151.03545289881,190.13438,45444.62801183539,213.17744
90,35369.966929972674,188.06915,44414.21059368178,210.74678
91,35383.83361470199,188.10582,44803.2818115596,211.66783
92,35472.37619114723,188.34108,50328.08561880579,224.33919
93,35751.83513519543,189.08156,44983.262366949355,212.09258
94,35466.51286957043,188.32556,45476.83067638088,213.253
95,35020.20397929985,187.13692,48346.537406447336,219.87851
96,35427.59176885781,188.22223,44612.48901456644,211.21669
97,35037.92165329877,187.18411,46116.07091608521,214.74655
98,34899.037430322474,186.81294,44651.5739516742,211.30925
99,35094.500359607344,187.33513,44787.238883312544,211.62993
