epoch,loss,rmse,val_loss,val_rmse
0,94593.7282981552,307.56097,70873.26637476124,266.2203
1,71749.14374805098,267.8602,72136.7850496633,268.58282
2,66869.380608182,258.59122,59382.56230235782,243.68532
3,62682.36788030031,250.36441,54908.44518337784,234.32545
4,60033.40836007254,245.01709,52738.63746089791,229.64896
5,57715.34433368074,240.24,49168.87343683003,221.74051
6,55944.04934705205,236.52484,48226.97883843041,219.60645
7,54358.16912572524,233.14842,46090.865923990896,214.6878
8,53228.749196156736,230.7136,45717.42140419135,213.81627
9,52158.176741399686,228.38142,44074.023578651235,209.93813
10,51472.171741902326,226.87498,44974.794655256,212.07257
11,50653.43168973522,225.06311,44103.22149049612,210.00768
12,50586.89569027684,224.91544,43040.4511723318,207.46194
13,49607.12151150744,222.72638,43513.64078670724,208.59923
14,49125.13409013508,221.6418,42622.20789521127,206.4514
15,48564.61439610329,220.37367,42388.3047139944,205.88419
16,48302.567283566255,219.77852,46012.0877315063,214.50432
17,47863.6071778626,218.77747,41800.11452085323,204.45079
18,47271.01585901084,217.41898,41261.46188688289,203.12912
19,47156.11290324235,217.15459,39788.876290460306,199.47151
20,46732.914156745464,216.17795,40557.19118668141,201.38828
21,46206.89106596618,214.95787,42065.87565124469,205.09961
22,45852.7918431258,214.1326,38156.35829619041,195.33656
23,45334.3784166865,212.91858,48527.24346989017,220.289
24,45974.04124386571,214.41527,38422.706583433624,196.0171
25,45417.98995125394,213.11502,39308.89590804553,198.26476
26,44858.65564381576,211.79877,37195.94563317368,192.86249
27,45049.91067088151,212.2496,40711.81806291173,201.7717
28,44956.91982057715,212.03044,39443.96653497627,198.60507
29,44155.13824270553,210.13113,38479.80007853916,196.1627
30,44612.82545849455,211.21751,39823.30660849673,199.55779
31,44385.46499402984,210.67856,38370.92860869041,195.88498
32,43248.6592603411,207.96309,37214.74353323312,192.91116
33,42869.59817883147,207.04982,46179.21338412139,214.89346
34,42181.88526595941,205.38239,35077.60304375049,187.29016
35,41404.28239690957,203.48022,40836.90087498538,202.08142
36,41124.96809464142,202.79295,35891.452694389765,189.4504
37,40902.21032503272,202.2428,37192.23369010437,192.85289
38,40444.660492007475,201.1086,34618.22864626983,186.05972
39,40730.98535316531,201.81914,35161.94250013399,187.51524
40,40644.45882242668,201.60477,35558.393529791894,188.56935
41,40138.06586808918,200.345,35594.94121165315,188.66618
42,40409.52855881122,201.02129,33006.68730433728,181.67744
43,40197.29854211887,200.49274,33907.40961768267,184.13962
44,39926.94865077684,199.81715,32698.67593640977,180.82776
45,39544.1581071485,198.857,33756.28236185147,183.72882
46,40164.195756030684,200.41032,34372.336764917265,185.39777
47,39257.95292067328,198.13638,35282.56066549076,187.83644
48,39857.250321845044,199.64273,33766.470179784345,183.75653
49,39645.41250366724,199.11154,32391.62173936082,179.97675
50,38580.07798247778,196.41824,34105.77777984184,184.67755
51,39172.78565203242,197.9211,31562.70762798321,177.65898
52,38593.93761668486,196.45343,31814.183936806883,178.36536
53,38655.05201419863,196.60876,33300.71404252261,182.48483
54,38923.49680309135,197.29031,31441.111504297576,177.3164
55,38227.88769473549,195.51965,30712.371590596253,175.24951
56,38681.75013296945,196.67694,34793.019172509645,186.52888
57,39119.53022400672,197.78679,35282.52223215678,187.83649
58,38105.7595920723,195.20703,35192.947605636546,187.59787
59,38440.615773689846,196.06284,30517.644632659623,174.693
60,37831.16620366713,194.50261,29056.652772533034,170.4601
61,38088.69644786931,195.16338,32150.174609253187,179.30472
62,37898.7879246303,194.67601,32346.065261965727,179.85008
63,37951.39087234625,194.81082,31782.330616844596,178.27599
64,38152.662027823826,195.32698,32404.426337632533,180.01234
65,37740.36682782854,194.26868,30737.991263545646,175.32251
66,37810.67452009185,194.44955,32754.653595686832,180.98251
67,37725.0833176685,194.22958,32961.816322046514,181.5539
68,37359.43174589782,193.28601,34192.33568884847,184.91167
69,37123.09309694947,192.67354,32180.9797750229,179.39055
70,37226.47562260988,192.94124,31053.781166101046,176.22087
71,37178.00120634191,192.81613,30876.219357391878,175.71632
72,37051.36991106562,192.48738,30160.877523820604,173.66888
73,36919.694151293326,192.14499,30985.767291102264,176.02774
74,36774.579659854666,191.76698,29324.60193798969,171.2443
75,36936.74630275694,192.18944,29206.244050939913,170.89839
76,36811.91811697824,191.86432,29082.197789117927,170.53503
77,36713.0272982942,191.60632,31685.57498084485,178.00446
78,36438.46159542308,190.88852,29881.77956859493,172.86342
79,36994.18573491713,192.33862,35981.900391386334,189.68896
80,37341.46117728097,193.23924,31947.97892385203,178.73994
81,36257.924043479085,190.41515,28300.06590879468,168.2262
82,36168.7656331423,190.18102,28537.20276016898,168.92958
83,37017.16397088315,192.3984,31344.84303008303,177.04475
84,36320.08973527155,190.57831,33618.936958082806,183.35464
85,36602.22387150356,191.31732,31023.731180292303,176.1356
86,36297.16946238029,190.5182,30987.911350173217,176.03384
87,36277.10719222381,190.4656,31838.580375045072,178.43375
88,36040.5537731908,189.84357,31031.485822295013,176.15762
89,35793.9207978449,189.19278,33024.46375382494,181.72629
90,35902.34731767158,189.47922,32752.57392731153,180.9767
91,35545.7414243041,188.53566,29082.550513717404,170.53609
92,35680.12168454723,188.89163,29182.311395457335,170.8283
93,35775.5566742841,189.14424,29154.576075185643,170.74712
94,36431.21411453375,190.8695,29424.620571475207,171.53607
95,35571.69290244479,188.60472,30124.524004236668,173.56415
96,35724.27602271072,189.00888,29222.637799691325,170.94627
97,35643.970709536254,188.79613,29297.227290030307,171.16435
98,35392.02230398996,188.12738,31027.107149241467,176.14517
99,35728.06319658295,189.01859,33519.47818094279,183.08327
